#
# There is insufficient memory for the Java Runtime Environment to continue.
# Native memory allocation (mmap) failed to map 134217728 bytes for Failed to commit area from 0x0000000081c00000 to 0x0000000089c00000 of length 134217728.
# Possible reasons:
#   The system is out of physical RAM or swap space
#   The process is running with CompressedOops enabled, and the Java Heap may be blocking the growth of the native heap
# Possible solutions:
#   Reduce memory load on the system
#   Increase physical memory or swap space
#   Check if swap backing store is full
#   Decrease Java heap size (-Xmx/-Xms)
#   Decrease number of Java threads
#   Decrease Java thread stack sizes (-Xss)
#   Set larger code cache with -XX:ReservedCodeCacheSize=
# This output file may be truncated or incomplete.
#
#  Out of Memory Error (t:/workspace/open/src/hotspot/os/windows/os_windows.cpp:3269), pid=2232, tid=8256
#
# JRE version:  (11.0.2+9) (build )
# Java VM: Java HotSpot(TM) 64-Bit Server VM (11.0.2+9-LTS, mixed mode, aot, sharing, tiered, compressed oops, g1 gc, windows-amd64)
# No core dump will be written. Minidumps are not enabled by default on client versions of Windows
#

---------------  S U M M A R Y ------------

Command Line: -Dfile.encoding=UTF-8 lianxi.Calculator

Host: Intel(R) Core(TM) i7-7700HQ CPU @ 2.80GHz, 8 cores, 7G,  Windows 10 , 64 bit Build 17134 (10.0.17134.753)
Time: Mon Nov  4 21:34:15 2019 ?D1¨²¡À¨º¡Á?¨º¡À?? elapsed time: 0 seconds (0d 0h 0m 0s)

---------------  T H R E A D  ---------------

Current thread (0x000001841c0f6800):  JavaThread "Unknown thread" [_thread_in_vm, id=8256, stack(0x0000003386f00000,0x0000003387000000)]

Stack: [0x0000003386f00000,0x0000003387000000]
Native frames: (J=compiled Java code, j=interpreted, Vv=VM code, C=native code)
V  [jvm.dll+0x63574a]
V  [jvm.dll+0x77326f]
V  [jvm.dll+0x77491a]
V  [jvm.dll+0x774fd3]
V  [jvm.dll+0x25e418]
V  [jvm.dll+0x632c0a]
V  [jvm.dll+0x627645]
V  [jvm.dll+0x314e7c]
V  [jvm.dll+0x314d02]
V  [jvm.dll+0x31a576]
V  [jvm.dll+0x36635f]
V  [jvm.dll+0x365d80]
V  [jvm.dll+0x2f19f8]
V  [jvm.dll+0x2f2b56]
V  [jvm.dll+0x74c817]
V  [jvm.dll+0x74df5f]
V  [jvm.dll+0x373179]
V  [jvm.dll+0x732eb9]
V  [jvm.dll+0x3e295d]
V  [jvm.dll+0x3e4c61]
C  [javaw.exe+0x3617]
C  [javaw.exe+0x17e2c]
C  [KERNEL32.DLL+0x14034]
C  [ntdll.dll+0x73691]


---------------  P R O C E S S  ---------------

Threads class SMR info:
_java_thread_list=0x000001841be9eee0, length=0, elements={
}

Java Threads: ( => current thread )

Other Threads:
  0x000001841c106800 GCTaskThread "GC Thread#0" [stack: 0x0000003387000000,0x0000003387100000] [id=10920]
  0x000001841c139000 ConcurrentGCThread "G1 Main Marker" [stack: 0x0000003387100000,0x0000003387200000] [id=3848]
  0x000001841c13b000 ConcurrentGCThread "G1 Conc#0" [stack: 0x0000003387200000,0x0000003387300000] [id=12872]

[error occurred during error reporting (printing all threads), id 0xc0000005, EXCEPTION_ACCESS_VIOLATION (0xc0000005) at pc=0x00007ff924f00197]

VM state:not at safepoint (not fully initialized)

VM Mutex/Monitor currently owned by a thread:  ([mutex/lock_event])
[0x000001841c0f5ca0] Heap_lock - owner thread: 0x000001841c0f6800

Heap address: 0x0000000081c00000, size: 2020 MB, Compressed Oops mode: Non-zero based: 0x0000000081c00000
Narrow klass base: 0x0000000000000000, Narrow klass shift: 0

GC Heap History (0 events):
No events

Deoptimization events (0 events):
No events

Classes redefined (0 events):
No events

Internal exceptions (0 events):
No events

Events (0 events):
No events


Dynamic libraries:
0x00007ff794360000 - 0x00007ff7943a7000 	F:\Java\Jdk\bin\javaw.exe
0x00007ff965550000 - 0x00007ff965731000 	C:\WINDOWS\SYSTEM32\ntdll.dll
0x00007ff963340000 - 0x00007ff9633f1000 	C:\WINDOWS\System32\KERNEL32.DLL
0x00007ff961b00000 - 0x00007ff961d73000 	C:\WINDOWS\System32\KERNELBASE.dll
0x00007ff962b10000 - 0x00007ff962bb1000 	C:\WINDOWS\System32\ADVAPI32.dll
0x00007ff9629d0000 - 0x00007ff962a6e000 	C:\WINDOWS\System32\msvcrt.dll
0x00007ff962a90000 - 0x00007ff962aeb000 	C:\WINDOWS\System32\sechost.dll
0x00007ff963210000 - 0x00007ff963334000 	C:\WINDOWS\System32\RPCRT4.dll
0x00007ff965220000 - 0x00007ff9653b0000 	C:\WINDOWS\System32\USER32.dll
0x00007ff9629b0000 - 0x00007ff9629d0000 	C:\WINDOWS\System32\win32u.dll
0x00007ff963730000 - 0x00007ff963758000 	C:\WINDOWS\System32\GDI32.dll
0x00007ff962810000 - 0x00007ff9629a1000 	C:\WINDOWS\System32\gdi32full.dll
0x00007ff961a10000 - 0x00007ff961aaf000 	C:\WINDOWS\System32\msvcp_win.dll
0x00007ff961910000 - 0x00007ff961a08000 	C:\WINDOWS\System32\ucrtbase.dll
0x00007ff952710000 - 0x00007ff952979000 	C:\WINDOWS\WinSxS\amd64_microsoft.windows.common-controls_6595b64144ccf1df_6.0.17134.1067_none_d401a3eb7c8ebdea\COMCTL32.dll
0x00007ff95b330000 - 0x00007ff95b33a000 	C:\WINDOWS\SYSTEM32\VERSION.dll
0x00007ff963860000 - 0x00007ff963b81000 	C:\WINDOWS\System32\combase.dll
0x00007ff961fd0000 - 0x00007ff962049000 	C:\WINDOWS\System32\bcryptPrimitives.dll
0x00007ff963830000 - 0x00007ff96385d000 	C:\WINDOWS\System32\IMM32.DLL
0x00007ff957c30000 - 0x00007ff957c46000 	F:\Java\Jdk\bin\vcruntime140.dll
0x00007ff933440000 - 0x00007ff9334ea000 	F:\Java\Jdk\bin\msvcp140.dll
0x00007ff924c00000 - 0x00007ff925727000 	F:\Java\Jdk\bin\server\jvm.dll
0x00007ff962a80000 - 0x00007ff962a88000 	C:\WINDOWS\System32\PSAPI.DLL
0x00007ff94f3e0000 - 0x00007ff94f3e9000 	C:\WINDOWS\SYSTEM32\WSOCK32.dll
0x00007ff95b340000 - 0x00007ff95b363000 	C:\WINDOWS\SYSTEM32\WINMM.dll
0x00007ff963480000 - 0x00007ff9634ec000 	C:\WINDOWS\System32\WS2_32.dll
0x00007ff95ac30000 - 0x00007ff95ac5a000 	C:\WINDOWS\SYSTEM32\WINMMBASE.dll
0x00007ff961ab0000 - 0x00007ff961af9000 	C:\WINDOWS\System32\cfgmgr32.dll
0x00007ff9618a0000 - 0x00007ff9618b1000 	C:\WINDOWS\System32\kernel.appcore.dll
0x00007ff958250000 - 0x00007ff958261000 	F:\Java\Jdk\bin\verify.dll
0x00007ff952ca0000 - 0x00007ff952e69000 	C:\WINDOWS\SYSTEM32\DBGHELP.DLL
0x00007ff94cd60000 - 0x00007ff94cd89000 	C:\WINDOWS\SYSTEM32\dbgcore.DLL
0x00007ff957380000 - 0x00007ff9573a9000 	F:\Java\Jdk\bin\java.dll
0x00007ff9575f0000 - 0x00007ff957606000 	F:\Java\Jdk\bin\zip.dll
0x00007ff95b060000 - 0x00007ff95b06a000 	F:\Java\Jdk\bin\jimage.dll

dbghelp: loaded successfully - version: 4.0.5 - missing functions: none
symbol engine: initialized successfully - sym options: 0x614 - pdb path: .;F:\Java\Jdk\bin;C:\WINDOWS\SYSTEM32;C:\WINDOWS\WinSxS\amd64_microsoft.windows.common-controls_6595b64144ccf1df_6.0.17134.1067_none_d401a3eb7c8ebdea;F:\Java\Jdk\bin\server

VM Arguments:
jvm_args: -Dfile.encoding=UTF-8 
java_command: lianxi.Calculator
java_class_path (initial): F:\eclipse\Calculators\bin
Launcher Type: SUN_STANDARD

[Global flags]
     intx CICompilerCount                          = 4                                         {product} {ergonomic}
     uint ConcGCThreads                            = 2                                         {product} {ergonomic}
     uint G1ConcRefinementThreads                  = 8                                         {product} {ergonomic}
   size_t G1HeapRegionSize                         = 1048576                                   {product} {ergonomic}
    uintx GCDrainStackTargetSize                   = 64                                        {product} {ergonomic}
   size_t InitialHeapSize                          = 134217728                                 {product} {ergonomic}
   size_t MarkStackSize                            = 4194304                                   {product} {ergonomic}
   size_t MaxHeapSize                              = 2118123520                                {product} {ergonomic}
   size_t MinHeapDeltaBytes                        = 1048576                                   {product} {ergonomic}
    uintx NonNMethodCodeHeapSize                   = 5835340                                {pd product} {ergonomic}
    uintx NonProfiledCodeHeapSize                  = 122911450                              {pd product} {ergonomic}
    uintx ProfiledCodeHeapSize                     = 122911450                              {pd product} {ergonomic}
    uintx ReservedCodeCacheSize                    = 251658240                              {pd product} {ergonomic}
     bool SegmentedCodeCache                       = true                                      {product} {ergonomic}
     bool UseCompressedClassPointers               = true                                 {lp64_product} {ergonomic}
     bool UseCompressedOops                        = true                                 {lp64_product} {ergonomic}
     bool UseG1GC                                  = true                                      {product} {ergonomic}
     bool UseLargePagesIndividualAllocation        = false                                  {pd product} {ergonomic}

Logging:
Log output configuration:
 #0: stdout all=warning uptime,level,tags
 #1: stderr all=off uptime,level,tags

Environment Variables:
JAVA_HOME=F:\Java\Jdk
CLASSPATH=.;F:\Java\Jdk\lib\dt.jar;F:\Java\Jdk\lib\tools.jar
PATH=F:/Java/Jdk/bin/server;F:/Java/Jdk/bin;C:\Program Files (x86)\Intel\iCLS Client\;C:\Program Files\Intel\iCLS Client\;C:\Windows\system32;C:\Windows;C:\Windows\System32\Wbem;C:\Windows\System32\WindowsPowerShell\v1.0\;C:\Program Files (x86)\Intel\Intel(R) Management Engine Components\DAL;C:\Program Files\Intel\Intel(R) Management Engine Components\DAL;C:\Program Files (x86)\Intel\Intel(R) Management Engine Components\IPT;C:\Program Files\Intel\Intel(R) Management Engine Components\IPT;C:\Program Files (x86)\NVIDIA Corporation\PhysX\Common;C:\WINDOWS\system32;C:\WINDOWS;C:\WINDOWS\System32\Wbem;C:\WINDOWS\System32\WindowsPowerShell\v1.0\;C:\WINDOWS\System32\OpenSSH\;F:\Java\Jdk\bin;C:\Program Files\Microsoft SQL Server\Client SDK\ODBC\130\Tools\Binn\;C:\Program Files (x86)\Microsoft SQL Server\140\Tools\Binn\;C:\Program Files\Microsoft SQL Server\140\Tools\Binn\;C:\Program Files\Microsoft SQL Server\140\DTS\Binn\;C:\Program Files (x86)\Microsoft SQL Server\Client SDK\ODBC\130\Tools\Binn\;C:\Program Files (x86)\Microsoft SQL Server\140\DTS\Binn\;C:\Program Files (x86)\Microsoft SQL Server\140\Tools\Binn\ManagementStudio\;F:\python\python\Scripts\;F:\python\python\;C:\Users\HASEE\AppData\Local\Microsoft\WindowsApps;F:\Java\Jdk\bin;C:\Users\HASEE\AppData\Local\GitHubDesktop\bin;F:\eclipse\eclipse;
USERNAME=HASEE
OS=Windows_NT
PROCESSOR_IDENTIFIER=Intel64 Family 6 Model 158 Stepping 9, GenuineIntel



---------------  S Y S T E M  ---------------

OS: Windows 10 , 64 bit Build 17134 (10.0.17134.753)

CPU:total 8 (initial active 8) (4 cores per cpu, 2 threads per core) family 6 model 158 stepping 9, cmov, cx8, fxsr, mmx, sse, sse2, sse3, ssse3, sse4.1, sse4.2, popcnt, avx, avx2, aes, clmul, erms, 3dnowpref, lzcnt, ht, tsc, tscinvbit, bmi1, bmi2, adx, fma

Memory: 4k page, system-wide physical 8078M (2684M free)
TotalPageFile size 9921M (AvailPageFile size 37M)
current process WorkingSet (physical memory assigned to process): 10M, peak: 10M
current process commit charge ("private bytes"): 60M, peak: 188M

vm_info: Java HotSpot(TM) 64-Bit Server VM (11.0.2+9-LTS) for windows-amd64 JRE (11.0.2+9-LTS), built on Jan 18 2019 05:24:10 by "mach5one" with MS VC++ 15.5 (VS2017)

END.
